mode: set
github.com/Ulbora/Six910/handlers/customerHandler.go:35.77,44.10 9 1
github.com/Ulbora/Six910/handlers/customerHandler.go:44.10,48.12 4 1
github.com/Ulbora/Six910/handlers/customerHandler.go:48.12,50.4 1 1
github.com/Ulbora/Six910/handlers/customerHandler.go:50.9,56.30 6 1
github.com/Ulbora/Six910/handlers/customerHandler.go:56.30,58.5 1 1
github.com/Ulbora/Six910/handlers/customerHandler.go:58.10,61.39 3 1
github.com/Ulbora/Six910/handlers/customerHandler.go:66.5,67.35 2 1
github.com/Ulbora/Six910/handlers/customerHandler.go:61.39,63.6 1 1
github.com/Ulbora/Six910/handlers/customerHandler.go:63.11,65.6 1 1
github.com/Ulbora/Six910/handlers/customerHandler.go:70.8,75.3 4 1
github.com/Ulbora/Six910/handlers/customerHandler.go:79.80,89.10 9 1
github.com/Ulbora/Six910/handlers/customerHandler.go:89.10,93.12 4 1
github.com/Ulbora/Six910/handlers/customerHandler.go:93.12,95.4 1 1
github.com/Ulbora/Six910/handlers/customerHandler.go:95.9,101.30 6 1
github.com/Ulbora/Six910/handlers/customerHandler.go:101.30,103.5 1 1
github.com/Ulbora/Six910/handlers/customerHandler.go:103.10,106.22 3 1
github.com/Ulbora/Six910/handlers/customerHandler.go:111.5,112.35 2 1
github.com/Ulbora/Six910/handlers/customerHandler.go:106.22,108.6 1 1
github.com/Ulbora/Six910/handlers/customerHandler.go:108.11,110.6 1 1
github.com/Ulbora/Six910/handlers/customerHandler.go:115.8,120.3 4 1
github.com/Ulbora/Six910/handlers/securityProcessor.go:32.76,42.38 6 1
github.com/Ulbora/Six910/handlers/securityProcessor.go:80.2,80.12 1 1
github.com/Ulbora/Six910/handlers/securityProcessor.go:42.38,45.9 3 1
github.com/Ulbora/Six910/handlers/securityProcessor.go:45.9,58.61 12 1
github.com/Ulbora/Six910/handlers/securityProcessor.go:58.61,60.5 1 1
github.com/Ulbora/Six910/handlers/securityProcessor.go:63.8,63.28 1 1
github.com/Ulbora/Six910/handlers/securityProcessor.go:63.28,70.25 2 1
github.com/Ulbora/Six910/handlers/securityProcessor.go:77.3,78.59 2 1
github.com/Ulbora/Six910/handlers/securityProcessor.go:70.25,74.4 3 1
github.com/Ulbora/Six910/handlers/securityProcessor.go:74.9,76.4 1 1
github.com/Ulbora/Six910/handlers/six910Handler.go:46.42,48.2 1 1
github.com/Ulbora/Six910/handlers/six910Handler.go:51.60,54.33 3 1
github.com/Ulbora/Six910/handlers/six910Handler.go:58.2,58.12 1 1
github.com/Ulbora/Six910/handlers/six910Handler.go:54.33,57.3 1 1
github.com/Ulbora/Six910/handlers/six910Handler.go:62.63,64.2 1 1
github.com/Ulbora/Six910/handlers/six910Handler.go:67.85,71.19 3 1
github.com/Ulbora/Six910/handlers/six910Handler.go:85.2,85.17 1 1
github.com/Ulbora/Six910/handlers/six910Handler.go:71.19,76.17 3 1
github.com/Ulbora/Six910/handlers/six910Handler.go:76.17,79.4 1 1
github.com/Ulbora/Six910/handlers/six910Handler.go:79.9,81.4 1 1
github.com/Ulbora/Six910/handlers/six910Handler.go:82.8,84.3 1 1
github.com/Ulbora/Six910/handlers/storeHandler.go:36.74,45.10 9 1
github.com/Ulbora/Six910/handlers/storeHandler.go:45.10,49.12 4 1
github.com/Ulbora/Six910/handlers/storeHandler.go:49.12,51.4 1 1
github.com/Ulbora/Six910/handlers/storeHandler.go:51.9,57.30 6 1
github.com/Ulbora/Six910/handlers/storeHandler.go:57.30,59.5 1 1
github.com/Ulbora/Six910/handlers/storeHandler.go:59.10,62.39 3 1
github.com/Ulbora/Six910/handlers/storeHandler.go:67.5,68.35 2 1
github.com/Ulbora/Six910/handlers/storeHandler.go:62.39,64.6 1 1
github.com/Ulbora/Six910/handlers/storeHandler.go:64.11,66.6 1 1
github.com/Ulbora/Six910/handlers/storeHandler.go:71.8,76.3 4 1
github.com/Ulbora/Six910/handlers/storeHandler.go:80.77,90.10 9 1
github.com/Ulbora/Six910/handlers/storeHandler.go:90.10,94.12 4 1
github.com/Ulbora/Six910/handlers/storeHandler.go:94.12,96.4 1 1
github.com/Ulbora/Six910/handlers/storeHandler.go:96.9,102.30 6 1
github.com/Ulbora/Six910/handlers/storeHandler.go:102.30,104.5 1 1
github.com/Ulbora/Six910/handlers/storeHandler.go:104.10,107.22 3 1
github.com/Ulbora/Six910/handlers/storeHandler.go:112.5,113.35 2 1
github.com/Ulbora/Six910/handlers/storeHandler.go:107.22,109.6 1 1
github.com/Ulbora/Six910/handlers/storeHandler.go:109.11,111.6 1 1
github.com/Ulbora/Six910/handlers/storeHandler.go:116.8,121.3 4 1
github.com/Ulbora/Six910/handlers/storeHandler.go:125.74,135.10 9 1
github.com/Ulbora/Six910/handlers/storeHandler.go:135.10,139.36 4 1
github.com/Ulbora/Six910/handlers/storeHandler.go:139.36,148.4 8 1
github.com/Ulbora/Six910/handlers/storeHandler.go:148.9,150.4 1 1
github.com/Ulbora/Six910/handlers/storeHandler.go:151.8,153.3 1 1
github.com/Ulbora/Six910/handlers/storeHandler.go:157.77,167.10 9 1
github.com/Ulbora/Six910/handlers/storeHandler.go:167.10,171.36 4 1
github.com/Ulbora/Six910/handlers/storeHandler.go:171.36,177.21 6 1
github.com/Ulbora/Six910/handlers/storeHandler.go:182.4,183.34 2 1
github.com/Ulbora/Six910/handlers/storeHandler.go:177.21,179.5 1 1
github.com/Ulbora/Six910/handlers/storeHandler.go:179.10,181.5 1 1
github.com/Ulbora/Six910/handlers/storeHandler.go:184.9,186.4 1 1
github.com/Ulbora/Six910/handlers/storeHandler.go:187.8,189.3 1 1
