mode: set
github.com/Ulbora/Six910/managers/localStoreManager.go:31.89,34.18 3 1
github.com/Ulbora/Six910/managers/localStoreManager.go:88.2,88.13 1 1
github.com/Ulbora/Six910/managers/localStoreManager.go:34.18,36.18 2 1
github.com/Ulbora/Six910/managers/localStoreManager.go:36.18,45.11 9 1
github.com/Ulbora/Six910/managers/localStoreManager.go:45.11,48.20 3 1
github.com/Ulbora/Six910/managers/localStoreManager.go:55.5,55.33 1 1
github.com/Ulbora/Six910/managers/localStoreManager.go:48.20,51.6 2 1
github.com/Ulbora/Six910/managers/localStoreManager.go:51.11,54.6 2 1
github.com/Ulbora/Six910/managers/localStoreManager.go:55.33,58.16 3 1
github.com/Ulbora/Six910/managers/localStoreManager.go:66.6,66.16 1 1
github.com/Ulbora/Six910/managers/localStoreManager.go:58.16,65.7 6 1
github.com/Ulbora/Six910/managers/localStoreManager.go:66.16,70.7 3 1
github.com/Ulbora/Six910/managers/localStoreManager.go:70.12,73.7 2 1
github.com/Ulbora/Six910/managers/localStoreManager.go:74.11,77.6 2 1
github.com/Ulbora/Six910/managers/localStoreManager.go:79.10,82.5 2 1
github.com/Ulbora/Six910/managers/localStoreManager.go:83.9,86.4 2 1
github.com/Ulbora/Six910/managers/six910Manager.go:39.42,41.2 1 1
github.com/Ulbora/Six910/managers/six910Manager.go:43.64,47.16 4 1
github.com/Ulbora/Six910/managers/six910Manager.go:51.2,51.17 1 1
github.com/Ulbora/Six910/managers/six910Manager.go:47.16,50.3 2 1
github.com/Ulbora/Six910/managers/six910Manager.go:54.70,57.16 3 1
github.com/Ulbora/Six910/managers/six910Manager.go:60.2,60.12 1 1
github.com/Ulbora/Six910/managers/six910Manager.go:57.16,59.3 1 1
